<?xml version="1.0" encoding="UTF-8"?>
<!-- Generated by org.testng.reporters.JUnitReportReporter -->
<testsuite skipped="0" hostname="LAPTOP-13MQ7JB0" name="com.test.VerifyHomePage" tests="1" failures="0" timestamp="24 Jun 2020 13:17:43 GMT" time="10.412" errors="0">
  <testcase name="verifyHomePageTest" time="10.412" classname="com.test.VerifyHomePage"/>
</testsuite> <!-- com.test.VerifyHomePage -->
