<?xml version="1.0" encoding="UTF-8"?>
<!-- Generated by org.testng.reporters.JUnitReportReporter -->
<testsuite skipped="0" hostname="LAPTOP-13MQ7JB0" name="com.test.VerifyHomePage" tests="1" failures="0" timestamp="21 Jun 2020 11:35:01 GMT" time="8.104" errors="0">
  <testcase name="verifyHomePageTest" time="8.104" classname="com.test.VerifyHomePage"/>
</testsuite> <!-- com.test.VerifyHomePage -->
