<?xml version="1.0" encoding="UTF-8"?>
<!-- Generated by org.testng.reporters.JUnitReportReporter -->
<testsuite skipped="0" hostname="LAPTOP-13MQ7JB0" name="com.test.AddSingleProduct" tests="1" failures="0" timestamp="24 Jun 2020 13:24:06 GMT" time="57.653" errors="0">
  <testcase name="addSingleProductTest" time="57.653" classname="com.test.AddSingleProduct"/>
</testsuite> <!-- com.test.AddSingleProduct -->
