<?xml version="1.0" encoding="UTF-8"?>
<!-- Generated by org.testng.reporters.JUnitReportReporter -->
<testsuite skipped="0" hostname="LAPTOP-13MQ7JB0" name="com.test.AddSingleProduct" tests="1" failures="0" timestamp="20 Jun 2020 21:26:44 GMT" time="45.897" errors="0">
  <testcase name="addSingleProductTest" time="45.897" classname="com.test.AddSingleProduct"/>
</testsuite> <!-- com.test.AddSingleProduct -->
