<?xml version="1.0" encoding="UTF-8"?>
<!-- Generated by org.testng.reporters.JUnitReportReporter -->
<testsuite skipped="0" hostname="LAPTOP-13MQ7JB0" name="com.test.AddMultiProduct" tests="1" failures="0" timestamp="21 Jun 2020 11:40:17 GMT" time="47.397" errors="0">
  <testcase name="addMultiProductPage" time="47.397" classname="com.test.AddMultiProduct"/>
</testsuite> <!-- com.test.AddMultiProduct -->
