<?xml version="1.0" encoding="UTF-8"?>
<!-- Generated by org.testng.reporters.JUnitReportReporter -->
<testsuite skipped="0" hostname="LAPTOP-13MQ7JB0" name="com.test.AddMultiProduct" tests="1" failures="0" timestamp="24 Jun 2020 13:26:40 GMT" time="54.092" errors="0">
  <testcase name="addMultiProductPage" time="54.092" classname="com.test.AddMultiProduct"/>
</testsuite> <!-- com.test.AddMultiProduct -->
