<?xml version="1.0" encoding="UTF-8"?>
<!-- Generated by org.testng.reporters.JUnitReportReporter -->
<testsuite skipped="0" hostname="LAPTOP-13MQ7JB0" name="com.test.InputCustomerDetails" tests="1" failures="0" timestamp="24 Jun 2020 13:22:04 GMT" time="16.743" errors="0">
  <testcase name="inputCustomerDetailsTest" time="16.743" classname="com.test.InputCustomerDetails"/>
</testsuite> <!-- com.test.InputCustomerDetails -->
