<?xml version="1.0" encoding="UTF-8"?>
<!-- Generated by org.testng.reporters.JUnitReportReporter -->
<testsuite skipped="0" hostname="LAPTOP-13MQ7JB0" name="com.test.VerifyProductPage" tests="1" failures="0" timestamp="24 Jun 2020 13:20:02 GMT" time="31.340" errors="0">
  <testcase name="verifyProductPageTest" time="31.340" classname="com.test.VerifyProductPage"/>
</testsuite> <!-- com.test.VerifyProductPage -->
